make --dry-run --keep-going --print-directory
make: Entering directory '/home/dracken24/Desktop/prog/libft'
 
make: Circular Makefile.o <- Makefile dependency dropped.

printf "[32m■[37m"
gcc -Wall -Werror -Wextra -c math/ft_ultimate_range.c -o math/ft_ultimate_range.c.o
 
printf "[32m■[37m"
gcc -Wall -Werror -Wextra -c math/ft_putnbr.c -o math/ft_putnbr.c.o
 
printf "[32m■[37m"
gcc -Wall -Werror -Wextra -c math/ft_range.c -o math/ft_range.c.o
 
printf "[32m■[37m"
gcc -Wall -Werror -Wextra -c math/ft_swap.c -o math/ft_swap.c.o
 
printf "[32m■[37m"
gcc -Wall -Werror -Wextra -c math/ft_rev_int_tab.c -o math/ft_rev_int_tab.c.o
 
printf "[32m■[37m"
gcc -Wall -Werror -Wextra -c math/ft_nbrlen.c -o math/ft_nbrlen.c.o
 
printf "[32m■[37m"
gcc -Wall -Werror -Wextra -c math/ft_putnbr_fd.c -o math/ft_putnbr_fd.c.o
 
printf "[32m■[37m"
gcc -Wall -Werror -Wextra -c math/ft_p_or_imp.c -o math/ft_p_or_imp.c.o
 
printf "[32m■[37m"
gcc -Wall -Werror -Wextra -c math/ft_array_len.c -o math/ft_array_len.c.o
 
printf "[32m■[37m"
gcc -Wall -Werror -Wextra -c mem_alloc/ft_bzero.c -o mem_alloc/ft_bzero.c.o
 
printf "[32m■[37m"
gcc -Wall -Werror -Wextra -c mem_alloc/ft_calloc.c -o mem_alloc/ft_calloc.c.o
 
printf "[32m■[37m"
gcc -Wall -Werror -Wextra -c mem_alloc/free_ptr.c -o mem_alloc/free_ptr.c.o
 
printf "[32m■[37m"
gcc -Wall -Werror -Wextra -c lst/ft_lstmap.c -o lst/ft_lstmap.c.o
 
printf "[32m■[37m"
gcc -Wall -Werror -Wextra -c lst/ft_lstiter.c -o lst/ft_lstiter.c.o
 
printf "[32m■[37m"
gcc -Wall -Werror -Wextra -c lst/ft_lstclear.c -o lst/ft_lstclear.c.o
 
printf "[32m■[37m"
gcc -Wall -Werror -Wextra -c lst/ft_lstdelone.c -o lst/ft_lstdelone.c.o
 
printf "[32m■[37m"
gcc -Wall -Werror -Wextra -c lst/ft_lstadd_back.c -o lst/ft_lstadd_back.c.o
 
printf "[32m■[37m"
gcc -Wall -Werror -Wextra -c lst/ft_lstlast.c -o lst/ft_lstlast.c.o
 
printf "[32m■[37m"
gcc -Wall -Werror -Wextra -c lst/ft_lstsize.c -o lst/ft_lstsize.c.o
 
printf "[32m■[37m"
gcc -Wall -Werror -Wextra -c lst/ft_lstadd_front.c -o lst/ft_lstadd_front.c.o
 
printf "[32m■[37m"
gcc -Wall -Werror -Wextra -c lst/ft_lstnew.c -o lst/ft_lstnew.c.o
 
printf "[32m■[37m"
gcc -Wall -Werror -Wextra -c str/ft_strlen.c -o str/ft_strlen.c.o
 
printf "[32m■[37m"
gcc -Wall -Werror -Wextra -c str/ft_strlcpy.c -o str/ft_strlcpy.c.o
 
printf "[32m■[37m"
gcc -Wall -Werror -Wextra -c str/ft_strlcat.c -o str/ft_strlcat.c.o
 
printf "[32m■[37m"
gcc -Wall -Werror -Wextra -c str/ft_strrchr.c -o str/ft_strrchr.c.o
 
printf "[32m■[37m"
gcc -Wall -Werror -Wextra -c str/ft_strncmp.c -o str/ft_strncmp.c.o
 
printf "[32m■[37m"
gcc -Wall -Werror -Wextra -c str/ft_strnstr.c -o str/ft_strnstr.c.o
 
printf "[32m■[37m"
gcc -Wall -Werror -Wextra -c str/ft_strtrim.c -o str/ft_strtrim.c.o
 
printf "[32m■[37m"
gcc -Wall -Werror -Wextra -c str/ft_strmapi.c -o str/ft_strmapi.c.o
 
printf "[32m■[37m"
gcc -Wall -Werror -Wextra -c str/ft_striteri.c -o str/ft_striteri.c.o
 
printf "[32m■[37m"
gcc -Wall -Werror -Wextra -c str/ft_strdup.c -o str/ft_strdup.c.o
 
printf "[32m■[37m"
gcc -Wall -Werror -Wextra -c str/ft_substr.c -o str/ft_substr.c.o
 
printf "[32m■[37m"
gcc -Wall -Werror -Wextra -c str/ft_strjoin.c -o str/ft_strjoin.c.o
 
printf "[32m■[37m"
gcc -Wall -Werror -Wextra -c str/ft_strcat.c -o str/ft_strcat.c.o
 
printf "[32m■[37m"
gcc -Wall -Werror -Wextra -c str/ft_putchar_fd.c -o str/ft_putchar_fd.c.o
 
printf "[32m■[37m"
gcc -Wall -Werror -Wextra -c str/ft_putstr_fd.c -o str/ft_putstr_fd.c.o
 
printf "[32m■[37m"
gcc -Wall -Werror -Wextra -c str/ft_toupper.c -o str/ft_toupper.c.o
 
printf "[32m■[37m"
gcc -Wall -Werror -Wextra -c str/ft_tolower.c -o str/ft_tolower.c.o
 
printf "[32m■[37m"
gcc -Wall -Werror -Wextra -c str/ft_putendl_fd.c -o str/ft_putendl_fd.c.o
 
printf "[32m■[37m"
gcc -Wall -Werror -Wextra -c str/ft_strchr.c -o str/ft_strchr.c.o
printf "[32m■[37m"
gcc -Wall -Werror -Wextra -c str/ft_split.c -o str/ft_split.c.o
printf "[32m■[37m"
gcc -Wall -Werror -Wextra -c mem_move/ft_memset.c -o mem_move/ft_memset.c.o
printf "[32m■[37m"
gcc -Wall -Werror -Wextra -c mem_move/ft_memmove.c -o mem_move/ft_memmove.c.o
printf "[32m■[37m"
gcc -Wall -Werror -Wextra -c mem_move/ft_memcmp.c -o mem_move/ft_memcmp.c.o
printf "[32m■[37m"
gcc -Wall -Werror -Wextra -c mem_move/ft_memcpy.c -o mem_move/ft_memcpy.c.o
printf "[32m■[37m"
gcc -Wall -Werror -Wextra -c is/ft_isalpha.c -o is/ft_isalpha.c.o
printf "[32m■[37m"
gcc -Wall -Werror -Wextra -c is/ft_isdigit.c -o is/ft_isdigit.c.o
printf "[32m■[37m"
gcc -Wall -Werror -Wextra -c is/ft_isalnum.c -o is/ft_isalnum.c.o
printf "[32m■[37m"
gcc -Wall -Werror -Wextra -c is/ft_isascii.c -o is/ft_isascii.c.o
printf "[32m■[37m"
gcc -Wall -Werror -Wextra -c is/ft_isprint.c -o is/ft_isprint.c.o
printf "[32m■[37m"
gcc -Wall -Werror -Wextra -c atoitoa/ft_atoi.c -o atoitoa/ft_atoi.c.o
printf "[32m■[37m"
gcc -Wall -Werror -Wextra -c atoitoa/ft_itoa.c -o atoitoa/ft_itoa.c.o
printf "[32m■[37m"
gcc -Wall -Werror -Wextra -c atoitoa/ft_atoi_base.c -o atoitoa/ft_atoi_base.c.o
echo [35m"LA LIBFT SE COMPILE COMME UNE GRANDE...""\033[0m"
ar -rcs libft.a math/ft_ultimate_range.c.o math/ft_putnbr.c.o math/ft_range.c.o math/ft_swap.c.o math/ft_rev_int_tab.c.o math/ft_nbrlen.c.o math/ft_putnbr_fd.c.o math/ft_swap.c.o math/ft_p_or_imp.c.o math/ft_array_len.c.o mem_alloc/ft_bzero.c.o mem_alloc/ft_calloc.c.o mem_alloc/free_ptr.c.o lst/ft_lstmap.c.o lst/ft_lstiter.c.o lst/ft_lstclear.c.o lst/ft_lstdelone.c.o lst/ft_lstadd_back.c.o lst/ft_lstlast.c.o lst/ft_lstsize.c.o lst/ft_lstadd_front.c.o lst/ft_lstnew.c.o str/ft_strlen.c.o str/ft_strlcpy.c.o str/ft_strlcat.c.o str/ft_strrchr.c.o str/ft_strncmp.c.o str/ft_strnstr.c.o str/ft_strtrim.c.o str/ft_strmapi.c.o str/ft_striteri.c.o str/ft_strdup.c.o str/ft_substr.c.o str/ft_strjoin.c.o str/ft_strcat.c.o str/ft_putchar_fd.c.o str/ft_putstr_fd.c.o str/ft_toupper.c.o str/ft_tolower.c.o str/ft_strmapi.c.o str/ft_striteri.c.o str/ft_putendl_fd.c.o str/ft_strchr.c.o str/ft_split.c.o str/ft_split.c.o mem_move/ft_memset.c.o mem_move/ft_memmove.c.o mem_move/ft_memcmp.c.o mem_move/ft_memcpy.c.o is/ft_isalpha.c.o is/ft_isdigit.c.o is/ft_isalnum.c.o is/ft_isascii.c.o is/ft_isprint.c.o atoitoa/ft_atoi.c.o atoitoa/ft_itoa.c.o atoitoa/ft_atoi_base.c.o
echo [35m"LIBFT READY FOR NEXT !!!""\033[0m"
make: Leaving directory '/home/dracken24/Desktop/prog/libft'
 
