make all --print-data-base --no-builtin-variables --no-builtin-rules --question
# GNU Make 4.3
# Built for x86_64-pc-linux-gnu
# Copyright (C) 1988-2020 Free Software Foundation, Inc.
# License GPLv3+: GNU GPL version 3 or later <http://gnu.org/licenses/gpl.html>
# This is free software: you are free to change and redistribute it.
# There is NO WARRANTY, to the extent permitted by law.

# Make data base, printed on Thu Jul 28 21:23:37 2022

# Variables

# makefile (from 'Makefile', line 50)
OBJ = $(SRCS:$S%=$O%.o)
# environment
GDK_BACKEND = x11
# environment
LC_ALL = C
# environment
GNOME_SHELL_SESSION_MODE = ubuntu
# environment
SSH_AGENT_LAUNCHER = gnome-keyring
# environment
SNAP_INSTANCE_KEY = 
# environment
HOMEBREW_PREFIX = /home/linuxbrew/.linuxbrew
# makefile (from 'Makefile', line 23)
MEM_A = mem_alloc/
# environment
GJS_DEBUG_OUTPUT = stderr
# environment
MANDATORY_PATH = /usr/share/gconf/ubuntu.mandatory.path
# environment
QT_X11_NO_MITSHM = 1
# environment
VSCODE_CWD = /home/dracken24
# environment
WINDOWPATH = 2
# default
MAKE_COMMAND := make
# makefile (from 'Makefile', line 28)
ATOI = atoitoa/
# environment
QT_ACCESSIBILITY = 1
# automatic
@D = $(patsubst %/,%,$(dir $@))
# environment
SNAP_INSTANCE_NAME = code
# environment
GDK_PIXBUF_MODULEDIR = /snap/code/102/usr/lib/x86_64-linux-gnu/gdk-pixbuf-2.0/2.10.0/loaders
# environment
 
VSCODE_HANDLES_UNCAUGHT_ERRORS = true
# default
.VARIABLES := 
# environment
PWD = /home/dracken24/Desktop/prog/libft
# automatic
%D = $(patsubst %/,%,$(dir $%))
# makefile (from 'Makefile', line 25)
STR = str/
# environment
LSCOLORS = Gxfxcxdxbxegedabagacad
# environment
XDG_DATA_DIRS = /usr/share/ubuntu:/usr/share/gnome:/usr/local/share/:/usr/share/:/var/lib/snapd/desktop
# environment
OLDPWD = /home/dracken24
# makefile (from 'Makefile', line 27)
IS = is/
# automatic
^D = $(patsubst %/,%,$(dir $^))
# automatic
%F = $(notdir $%)
# makefile (from 'Makefile', line 22)
MATH = math/
# environment
VSCODE_CODE_CACHE_PATH = /home/dracken24/.config/Code/CachedData/3b889b090b5ad5793f524b5d1d39fda662b96a2a
# environment
LANG = C
# environment
XAUTHORITY = /run/user/1000/gdm/Xauthority
# default
.LOADED := 
# environment
HOMEBREW_REPOSITORY = /home/linuxbrew/.linuxbrew/Homebrew
# default
.INCLUDE_DIRS = /usr/local/include /usr/include /usr/include
# makefile (from 'Makefile', line 16)
CYAN = $(shell tput -Txterm setaf 4)
# makefile
MAKEFLAGS = pqrR
# makefile
CURDIR := /home/dracken24/Desktop/prog/libft
# environment
APPLICATION_INSIGHTS_NO_DIAGNOSTIC_CHANNEL = 1
# makefile (from 'Makefile', line 30)
SRCS = $(MATH)ft_ultimate_range.c $(MATH)ft_putnbr.c $(MATH)ft_range.c $(MATH)ft_swap.c $(MATH)ft_rev_int_tab.c $(MATH)ft_nbrlen.c $(MATH)ft_putnbr_fd.c $(MATH)ft_swap.c $(MATH)ft_p_or_imp.c $(MATH)ft_array_len.c $(MEM_A)ft_bzero.c $(MEM_A)ft_calloc.c $(MEM_A)free_ptr.c $(LST)ft_lstmap.c $(LST)ft_lstiter.c $(LST)ft_lstclear.c $(LST)ft_lstdelone.c $(LST)ft_lstadd_back.c $(LST)ft_lstlast.c $(LST)ft_lstsize.c $(LST)ft_lstadd_front.c $(LST)ft_lstnew.c $(STR)ft_strlen.c $(STR)ft_strlcpy.c $(STR)ft_strlcat.c $(STR)ft_strrchr.c $(STR)ft_strncmp.c  $(STR)ft_strnstr.c $(STR)ft_strtrim.c $(STR)ft_strmapi.c $(STR)ft_striteri.c $(STR)ft_strdup.c $(STR)ft_substr.c $(STR)ft_strjoin.c $(STR)ft_strcat.c $(STR)ft_putchar_fd.c $(STR)ft_putstr_fd.c $(STR)ft_toupper.c $(STR)ft_tolower.c $(STR)ft_strmapi.c $(STR)ft_striteri.c $(STR)ft_putendl_fd.c $(STR)ft_strchr.c $(STR)ft_split.c $(STR)ft_split.c $(MEM_M)ft_memset.c $(MEM_M)ft_memmove.c $(MEM_M)ft_memcmp.c $(MEM_M)ft_memcpy.c $(IS)ft_isalpha.c $(IS)ft_isdigit.c $(IS)ft_isalnum.c $(IS)ft_isascii.c $(IS)ft_isprint.c $(ATOI)ft_atoi.c $(ATOI)ft_itoa.c $(ATOI)ft_atoi_base.c 
# automatic
*D = $(patsubst %/,%,$(dir $*))
# environment
MFLAGS = -pqrR
# environment
SSH_AUTH_SOCK = /run/user/1000/keyring/ssh
# default
.SHELLFLAGS := -c
# makefile (from 'Makefile', line 14)
LIGHT_GREEN = $(shell tput -Txterm setaf 2)
# environment
XDG_CONFIG_DIRS = /etc/xdg/xdg-ubuntu:/etc/xdg
# automatic
+D = $(patsubst %/,%,$(dir $+))
# environment
XDG_SESSION_DESKTOP = ubuntu
# makefile (from 'Makefile', line 1)
MAKEFILE_LIST := Makefile
# environment
SNAP_REEXEC = 
# automatic
@F = $(notdir $@)
# environment
ZSH = /home/dracken24/.oh-my-zsh
# environment
VSCODE_PID = 6447
# environment
XDG_SESSION_TYPE = x11
# automatic
?D = $(patsubst %/,%,$(dir $?))
# environment
BAMF_DESKTOP_FILE_HINT = /var/lib/snapd/desktop/applications/code_code.desktop
# environment
SESSION_MANAGER = local/Dracken24:@/tmp/.ICE-unix/2804,unix/Dracken24:/tmp/.ICE-unix/2804
# automatic
*F = $(notdir $*)
# environment
MANPATH = /home/linuxbrew/.linuxbrew/share/man:
# environment
CHROME_DESKTOP = code-url-handler.desktop
# environment
DBUS_SESSION_BUS_ADDRESS = unix:path=/run/user/1000/bus
# automatic
<D = $(patsubst %/,%,$(dir $<))
# environment
VSCODE_NLS_CONFIG = {"locale":"en-gb","availableLanguages":{},"_languagePackSupport":true}
# default
MAKE_HOST := x86_64-pc-linux-gnu
# environment
GNOME_DESKTOP_SESSION_ID = this-is-deprecated
# environment
INFOPATH = /home/linuxbrew/.linuxbrew/share/info:
# makefile
SHELL = /bin/sh
# default
MAKECMDGOALS := all
# environment
XMODIFIERS = @im=ibus
# environment
GJS_DEBUG_TOPICS = JS ERROR;JS LOG
# environment
SHLVL = 0
# environment
MAKELEVEL := 0
# default
MAKE = $(MAKE_COMMAND)
# environment
SNAP_COOKIE = fSKYpYhDKXjiX9W__W9nCBCj5n_I7R-ps2DwHvI_mLnd_pK3KmHQ
# environment
PATH = /home/linuxbrew/.linuxbrew/bin:/home/linuxbrew/.linuxbrew/sbin:/home/dracken24/bin:/usr/local/sbin:/usr/local/bin:/usr/sbin:/usr/bin:/sbin:/bin:/usr/games:/usr/local/games:/snap/bin:/snap/bin
# default
MAKEFILES := 
# environment
LANGUAGE = en_CA:en
# automatic
^F = $(notdir $^)
# environment
SNAP_USER_COMMON = /home/dracken24/snap/code/common
# environment
SNAP = /snap/code/102
# environment
INVOCATION_ID = 841ea032dd5e442d8914353cd4c2a783
# environment
SNAP_REVISION = 102
# environment
SNAP_REAL_HOME = /home/dracken24
# makefile (from 'Makefile', line 13)
LIGHT_RED = $(shell tput -Txterm setaf 1)
# environment
USERNAME = dracken24
# automatic
?F = $(notdir $?)
# makefile (from 'Makefile', line 59)
NAME = libft.a
# environment
XDG_CURRENT_DESKTOP = Unity
# environment
LS_COLORS = 
# automatic
+F = $(notdir $+)
# environment
LESS = -R
# environment
DESKTOP_SESSION = ubuntu
# environment
ORIGINAL_XDG_CURRENT_DESKTOP = ubuntu:GNOME
# 'override' directive
GNUMAKEFLAGS := 
# environment
LOGNAME = dracken24
# environment
GIO_LAUNCHED_DESKTOP_FILE = /var/lib/snapd/desktop/applications/code_code.desktop
# environment
SNAP_ARCH = amd64
# makefile
.DEFAULT_GOAL := all
# environment
SYSTEMD_EXEC_PID = 2827
# makefile (from 'Makefile', line 18)
LIGHT_CYAN = $(shell tput -Txterm setaf 6)
# environment
DISPLAY = :1
# environment
USER = dracken24
# environment
GTK_MODULES = gail:atk-bridge
# makefile (from 'Makefile', line 26)
MEM_M = mem_move/
# environment
DEFAULTS_PATH = /usr/share/gconf/ubuntu.default.path
# default
MAKE_VERSION := 4.3
# environment
DISABLE_WAYLAND = 1
# environment
SNAP_DATA = /var/snap/code/102
# environment
SNAP_CONTEXT = fSKYpYhDKXjiX9W__W9nCBCj5n_I7R-ps2DwHvI_mLnd_pK3KmHQ
# environment
MANAGERPID = 2151
# environment
HOMEBREW_CELLAR = /home/linuxbrew/.linuxbrew/Cellar
# environment
GIO_LAUNCHED_DESKTOP_FILE_PID = 6362
# environment
PAGER = less
# makefile (from 'Makefile', line 17)
LILAS = $(shell tput -Txterm setaf 5)
# environment
_ = /snap/code/102/usr/share/code/code
# makefile (from 'Makefile', line 20)
RESET = "\033[0m"
# environment
XDG_RUNTIME_DIR = /run/user/1000
# makefile (from 'Makefile', line 57)
CFLAGS = -Wall -Werror -Wextra
# environment
GPG_AGENT_INFO = /run/user/1000/gnupg/S.gpg-agent:0:1
# environment
GDK_PIXBUF_MODULE_FILE = /home/dracken24/snap/code/common/.cache/gdk-pixbuf-loaders.cache
# environment
JOURNAL_STREAM = 8:37850
# environment
XDG_SESSION_CLASS = user
# makefile (from 'Makefile', line 15)
LIGHT_BROWN = $(shell tput -Txterm setaf 3)
# environment
VSCODE_AMD_ENTRYPOINT = vs/workbench/api/node/extensionHostProcess
# environment
HOME = /home/dracken24
# environment
QT_IM_MODULE = ibus
# environment
ELECTRON_RUN_AS_NODE = 1
# environment
VSCODE_IPC_HOOK = /run/user/1000/vscode-fa98f921-1.69.2-main.sock
# environment
SNAP_NAME = code
# environment
GSETTINGS_SCHEMA_DIR = /snap/code/102/usr/share/glib-2.0/schemas
# default
.RECIPEPREFIX := 
# automatic
<F = $(notdir $<)
# makefile (from 'Makefile', line 24)
LST = lst/
# environment
SNAP_VERSION = 3b889b09
# default
SUFFIXES := 
# environment
VSCODE_CLI = 1
# environment
ELECTRON_NO_ATTACH_CONSOLE = 1
# environment
SNAP_COMMON = /var/snap/code/common
# default
.FEATURES := target-specific order-only second-expansion else-if shortest-stem undefine oneshell nocomment grouped-target extra-prereqs archives jobserver output-sync check-symlink load
# makefile (from 'Makefile', line 55)
CC = gcc
# environment
SNAP_USER_DATA = /home/dracken24/snap/code/102
# environment
XDG_MENU_PREFIX = gnome-
# makefile (from 'Makefile', line 19)
WHITE = $(shell tput -Txterm setaf 7)
# environment
GDMSESSION = ubuntu
# environment
SNAP_LIBRARY_PATH = /var/lib/snapd/lib/gl:/var/lib/snapd/lib/gl32:/var/lib/snapd/void
# variable set hash-table stats:
# Load=147/1024=14%, Rehash=0, Collisions=49/255=19%

# Pattern-specific Variable Values

# No pattern-specific variable values.

# Directories

# . (device 66308, inode 3408013): 14 files, no impossibilities.
# math (device 66308, inode 5114562): 9 files, no impossibilities so far.

# 23 files, no impossibilities in 2 directories.

# Implicit Rules

%.o: %
#  recipe to execute (from 'Makefile', line 52):
	@printf "$(LIGHT_GREEN)■$(WHITE)"
	@$(CC) $(CFLAGS) -c $< -o $@

# 1 implicit rules, 0 (0.0%) terminal.
# Files

# Not a target:
math/ft_rev_int_tab.c.o:
#  Implicit rule search has not been done.
#  Modification time never checked.
#  File has not been updated.

# Not a target:
str/ft_split.c.o:
#  Implicit rule search has not been done.
#  Modification time never checked.
#  File has not been updated.

# Not a target:
str/ft_putchar_fd.c.o:
#  Implicit rule search has not been done.
#  Modification time never checked.
 
#  File has not been updated.

# Not a target:
lst/ft_lstadd_back.c.o:
#  Implicit rule search has not been done.
#  Modification time never checked.
#  File has not been updated.

libft.a: math/ft_ultimate_range.c.o math/ft_putnbr.c.o math/ft_range.c.o math/ft_swap.c.o math/ft_rev_int_tab.c.o math/ft_nbrlen.c.o math/ft_putnbr_fd.c.o math/ft_swap.c.o math/ft_p_or_imp.c.o math/ft_array_len.c.o mem_alloc/ft_bzero.c.o mem_alloc/ft_calloc.c.o mem_alloc/free_ptr.c.o lst/ft_lstmap.c.o lst/ft_lstiter.c.o lst/ft_lstclear.c.o lst/ft_lstdelone.c.o lst/ft_lstadd_back.c.o lst/ft_lstlast.c.o lst/ft_lstsize.c.o lst/ft_lstadd_front.c.o lst/ft_lstnew.c.o str/ft_strlen.c.o str/ft_strlcpy.c.o str/ft_strlcat.c.o str/ft_strrchr.c.o str/ft_strncmp.c.o str/ft_strnstr.c.o str/ft_strtrim.c.o str/ft_strmapi.c.o str/ft_striteri.c.o str/ft_strdup.c.o str/ft_substr.c.o str/ft_strjoin.c.o str/ft_strcat.c.o str/ft_putchar_fd.c.o str/ft_putstr_fd.c.o str/ft_toupper.c.o str/ft_tolower.c.o str/ft_strmapi.c.o str/ft_striteri.c.o str/ft_putendl_fd.c.o str/ft_strchr.c.o str/ft_split.c.o str/ft_split.c.o mem_move/ft_memset.c.o mem_move/ft_memmove.c.o mem_move/ft_memcmp.c.o mem_move/ft_memcpy.c.o is/ft_isalpha.c.o is/ft_isdigit.c.o is/ft_isalnum.c.o is/ft_isascii.c.o is/ft_isprint.c.o atoitoa/ft_atoi.c.o atoitoa/ft_itoa.c.o atoitoa/ft_atoi_base.c.o
#  Implicit rule search has not been done.
#  File does not exist.
#  File has been updated.
#  Needs to be updated (-q is set).
# variable set hash-table stats:
# Load=0/32=0%, Rehash=0, Collisions=0/13=0%
#  recipe to execute (from 'Makefile', line 64):
	@echo $(LILAS)"LA LIBFT SE COMPILE COMME UNE GRANDE..."$(RESET)
	ar -rcs $(NAME) $(OBJ)
	@echo $(LILAS)"LIBFT READY FOR NEXT !!!"$(RESET)

# Not a target:
mem_move/ft_memcpy.c.o:
#  Implicit rule search has not been done.
#  Modification time never checked.
#  File has not been updated.

# Not a target:
mem_move/ft_memset.c.o:
#  Implicit rule search has not been done.
#  Modification time never checked.
#  File has not been updated.

# Not a target:
str/ft_toupper.c.o:
#  Implicit rule search has not been done.
#  Modification time never checked.
#  File has not been updated.

# Not a target:
mem_move/ft_memmove.c.o:
#  Implicit rule search has not been done.
#  Modification time never checked.
#  File has not been updated.

# Not a target:
Makefile:
#  Implicit rule search has been done.
#  Last modified 2022-07-28 21:22:53.620985267
#  File has been updated.
#  Successfully updated.

# Not a target:
str/ft_substr.c.o:
#  Implicit rule search has not been done.
#  Modification time never checked.
#  File has not been updated.

# Not a target:
is/ft_isascii.c.o:
#  Implicit rule search has not been done.
#  Modification time never checked.
#  File has not been updated.

# Not a target:
str/ft_strdup.c.o:
#  Implicit rule search has not been done.
#  Modification time never checked.
#  File has not been updated.

# Not a target:
str/ft_strlen.c.o:
#  Implicit rule search has not been done.
#  Modification time never checked.
#  File has not been updated.

# Not a target:
is/ft_isdigit.c.o:
#  Implicit rule search has not been done.
#  Modification time never checked.
#  File has not been updated.

# Not a target:
mem_alloc/ft_bzero.c.o:
#  Implicit rule search has not been done.
#  Modification time never checked.
#  File has not been updated.

# Not a target:
str/ft_strchr.c.o:
#  Implicit rule search has not been done.
#  Modification time never checked.
#  File has not been updated.

# Not a target:
math/ft_range.c.o:
#  Implicit rule search has not been done.
#  Modification time never checked.
#  File has not been updated.

clean:
#  Phony target (prerequisite of .PHONY).
#  Implicit rule search has not been done.
#  File does not exist.
#  File has not been updated.
#  recipe to execute (from 'Makefile', line 74):
	rm -f $(OBJ) $(BONUSOBJ)

# Not a target:
math/ft_nbrlen.c.o:
#  Implicit rule search has not been done.
#  Modification time never checked.
#  File has not been updated.

# Not a target:
str/ft_tolower.c.o:
#  Implicit rule search has not been done.
#  Modification time never checked.
#  File has not been updated.

# Not a target:
math/ft_swap.c.o:
#  Implicit rule search has not been done.
#  Modification time never checked.
#  File has not been updated.

# Not a target:
str/ft_strjoin.c.o:
#  Implicit rule search has not been done.
#  Modification time never checked.
#  File has not been updated.

# Not a target:
lst/ft_lstadd_front.c.o:
#  Implicit rule search has not been done.
#  Modification time never checked.
#  File has not been updated.

re: fclean all
#  Phony target (prerequisite of .PHONY).
#  Implicit rule search has not been done.
#  File does not exist.
#  File has not been updated.

# Not a target:
lst/ft_lstnew.c.o:
#  Implicit rule search has not been done.
#  Modification time never checked.
#  File has not been updated.

# Not a target:
lst/ft_lstsize.c.o:
#  Implicit rule search has not been done.
#  Modification time never checked.
#  File has not been updated.

# Not a target:
mem_move/ft_memcmp.c.o:
#  Implicit rule search has not been done.
#  Modification time never checked.
#  File has not been updated.

# Not a target:
lst/ft_lstmap.c.o:
#  Implicit rule search has not been done.
#  Modification time never checked.
#  File has not been updated.

# Not a target:
math/ft_putnbr.c.o:
#  Implicit rule search has not been done.
#  Modification time never checked.
#  File has not been updated.

# Not a target:
math/ft_array_len.c.o:
#  Implicit rule search has not been done.
#  Modification time never checked.
#  File has not been updated.

# Not a target:
mem_alloc/ft_calloc.c.o:
#  Implicit rule search has not been done.
#  Modification time never checked.
#  File has not been updated.

# Not a target:
atoitoa/ft_atoi.c.o:
#  Implicit rule search has not been done.
#  Modification time never checked.
#  File has not been updated.

# Not a target:
str/ft_striteri.c.o:
#  Implicit rule search has not been done.
#  Modification time never checked.
#  File has not been updated.

# Not a target:
.DEFAULT:
#  Implicit rule search has not been done.
#  Modification time never checked.
#  File has not been updated.

# Not a target:
math/ft_putnbr_fd.c.o:
#  Implicit rule search has not been done.
#  Modification time never checked.
#  File has not been updated.

# Not a target:
lst/ft_lstiter.c.o:
#  Implicit rule search has not been done.
#  Modification time never checked.
#  File has not been updated.

all: libft.a
#  Phony target (prerequisite of .PHONY).
#  Command line target.
#  Implicit rule search has not been done.
#  File does not exist.
#  File has been updated.
#  Needs to be updated (-q is set).
# variable set hash-table stats:
# Load=0/32=0%, Rehash=0, Collisions=0/13=0%

fclean: clean
#  Phony target (prerequisite of .PHONY).
#  Implicit rule search has not been done.
#  File does not exist.
#  File has not been updated.
#  recipe to execute (from 'Makefile', line 77):
	rm -f $(NAME)

# Not a target:
atoitoa/ft_itoa.c.o:
#  Implicit rule search has not been done.
#  Modification time never checked.
#  File has not been updated.

# Not a target:
str/ft_strncmp.c.o:
#  Implicit rule search has not been done.
#  Modification time never checked.
#  File has not been updated.

gitp:
#  Implicit rule search has not been done.
#  Modification time never checked.
#  File has not been updated.
#  recipe to execute (from 'Makefile', line 69):
	@(git add .)
	@(git commit -m "nadesjar42")
	@(git push)

 
# Not a target:
str/ft_putstr_fd.c.o:
#  Implicit rule search has not been done.
#  Modification time never checked.
#  File has not been updated.

# 'override' directive
math/ft_ultimate_range.c.o: .SHELLSTATUS := 0
math/ft_ultimate_range.c.o: math/ft_ultimate_range.c
#  Implicit rule search has been done.
#  Implicit/static pattern stem: 'math/ft_ultimate_range.c'
#  File does not exist.
#  File has been updated.
#  Needs to be updated (-q is set).
# automatic
# @ := math/ft_ultimate_range.c.o
# automatic
# * := math/ft_ultimate_range.c
# automatic
# < := math/ft_ultimate_range.c
# automatic
# + := math/ft_ultimate_range.c
# automatic
# % := 
# automatic
# ^ := math/ft_ultimate_range.c
# automatic
# ? := math/ft_ultimate_range.c
# automatic
# | := 
# variable set hash-table stats:
# Load=9/32=28%, Rehash=0, Collisions=2/25=8%
#  recipe to execute (from 'Makefile', line 52):
	@printf "$(LIGHT_GREEN)■$(WHITE)"
	@$(CC) $(CFLAGS) -c $< -o $@

# Not a target:
lst/ft_lstlast.c.o:
#  Implicit rule search has not been done.
#  Modification time never checked.
#  File has not been updated.

# Not a target:
math/ft_p_or_imp.c.o:
#  Implicit rule search has not been done.
#  Modification time never checked.
#  File has not been updated.

# Not a target:
str/ft_strcat.c.o:
#  Implicit rule search has not been done.
#  Modification time never checked.
#  File has not been updated.

# Not a target:
str/ft_strrchr.c.o:
#  Implicit rule search has not been done.
#  Modification time never checked.
#  File has not been updated.

# Not a target:
math/ft_ultimate_range.c:
#  Implicit rule search has been done.
#  Last modified 2022-05-20 16:46:09.947283879
#  File has been updated.
#  Successfully updated.

# Not a target:
str/ft_strmapi.c.o:
#  Implicit rule search has not been done.
#  Modification time never checked.
#  File has not been updated.

# Not a target:
str/ft_strtrim.c.o:
#  Implicit rule search has not been done.
#  Modification time never checked.
#  File has not been updated.

# Not a target:
str/ft_strlcat.c.o:
#  Implicit rule search has not been done.
#  Modification time never checked.
#  File has not been updated.

# Not a target:
str/ft_strlcpy.c.o:
#  Implicit rule search has not been done.
#  Modification time never checked.
#  File has not been updated.

# Not a target:
str/ft_strnstr.c.o:
#  Implicit rule search has not been done.
#  Modification time never checked.
#  File has not been updated.

# Not a target:
str/ft_putendl_fd.c.o:
#  Implicit rule search has not been done.
#  Modification time never checked.
#  File has not been updated.

# Not a target:
atoitoa/ft_atoi_base.c.o:
#  Implicit rule search has not been done.
#  Modification time never checked.
#  File has not been updated.

# Not a target:
is/ft_isalpha.c.o:
#  Implicit rule search has not been done.
#  Modification time never checked.
#  File has not been updated.

.PHONY: all clean fclean re
#  Implicit rule search has not been done.
#  Modification time never checked.
#  File has not been updated.

# Not a target:
lst/ft_lstclear.c.o:
#  Implicit rule search has not been done.
#  Modification time never checked.
#  File has not been updated.

# Not a target:
lst/ft_lstdelone.c.o:
#  Implicit rule search has not been done.
#  Modification time never checked.
#  File has not been updated.

# Not a target:
mem_alloc/free_ptr.c.o:
#  Implicit rule search has not been done.
#  Modification time never checked.
#  File has not been updated.

# Not a target:
is/ft_isprint.c.o:
#  Implicit rule search has not been done.
#  Modification time never checked.
#  File has not been updated.

# Not a target:
is/ft_isalnum.c.o:
#  Implicit rule search has not been done.
#  Modification time never checked.
#  File has not been updated.

# files hash-table stats:
# Load=64/1024=6%, Rehash=0, Collisions=2/144=1%
# VPATH Search Paths

# No 'vpath' search paths.

# No general ('VPATH' variable) search path.

# strcache buffers: 1 (0) / strings = 90 / storage = 1410 B / avg = 15 B
# current buf: size = 8162 B / used = 1410 B / count = 90 / avg = 15 B

# strcache performance: lookups = 117 / hit rate = 23%
# hash-table stats:
# Load=90/8192=1%, Rehash=0, Collisions=0/117=0%
# Finished Make data base on Thu Jul 28 21:23:37 2022

 
